2025-11-18 00:02:39,058 INFO: Application startup [in D:\Visual Studio Code\Flask\8.Flask BluePrints\app\utils\logger.py:35]
2025-11-18 00:02:39,062 INFO: Flask application initialized [in D:\Visual Studio Code\Flask\8.Flask BluePrints\app\__init__.py:40]
2025-11-18 00:02:40,030 INFO: Application startup [in D:\Visual Studio Code\Flask\8.Flask BluePrints\app\utils\logger.py:35]
2025-11-18 00:02:40,034 INFO: Flask application initialized [in D:\Visual Studio Code\Flask\8.Flask BluePrints\app\__init__.py:40]
2025-11-18 00:02:52,720 INFO: Application startup [in D:\Visual Studio Code\Flask\8.Flask BluePrints\app\utils\logger.py:35]
2025-11-18 00:02:52,726 INFO: Flask application initialized [in D:\Visual Studio Code\Flask\8.Flask BluePrints\app\__init__.py:40]
2025-11-18 00:03:26,448 INFO: Application startup [in D:\Visual Studio Code\Flask\8.Flask BluePrints\app\utils\logger.py:35]
2025-11-18 00:03:26,454 INFO: Flask application initialized [in D:\Visual Studio Code\Flask\8.Flask BluePrints\app\__init__.py:40]
2025-11-18 00:03:30,372 INFO: Application startup [in D:\Visual Studio Code\Flask\8.Flask BluePrints\app\utils\logger.py:35]
2025-11-18 00:03:30,377 INFO: Flask application initialized [in D:\Visual Studio Code\Flask\8.Flask BluePrints\app\__init__.py:40]
2025-11-18 00:03:36,166 INFO: Application startup [in D:\Visual Studio Code\Flask\8.Flask BluePrints\app\utils\logger.py:35]
2025-11-18 00:03:36,170 INFO: Flask application initialized [in D:\Visual Studio Code\Flask\8.Flask BluePrints\app\__init__.py:40]
2025-11-18 00:03:38,827 INFO: Application startup [in D:\Visual Studio Code\Flask\8.Flask BluePrints\app\utils\logger.py:35]
2025-11-18 00:03:38,831 INFO: Flask application initialized [in D:\Visual Studio Code\Flask\8.Flask BluePrints\app\__init__.py:40]
2025-11-18 00:04:05,123 INFO: Application startup [in D:\Visual Studio Code\Flask\8.Flask BluePrints\app\utils\logger.py:35]
2025-11-18 00:04:05,126 INFO: Flask application initialized [in D:\Visual Studio Code\Flask\8.Flask BluePrints\app\__init__.py:40]
2025-11-18 00:04:06,051 INFO: Application startup [in D:\Visual Studio Code\Flask\8.Flask BluePrints\app\utils\logger.py:35]
2025-11-18 00:04:06,055 INFO: Flask application initialized [in D:\Visual Studio Code\Flask\8.Flask BluePrints\app\__init__.py:40]
2025-11-18 00:06:24,749 INFO: Application startup [in D:\Visual Studio Code\Flask\8.Flask BluePrints\app\utils\logger.py:35]
2025-11-18 00:06:24,756 INFO: Flask application initialized [in D:\Visual Studio Code\Flask\8.Flask BluePrints\app\__init__.py:40]
2025-11-18 00:06:58,442 INFO: Request: GET http://localhost:5000/ from 127.0.0.1 [in D:\Visual Studio Code\Flask\8.Flask BluePrints\app\utils\logger.py:42]
2025-11-18 00:06:58,444 ERROR: 404 Error: 404 Not Found: The requested URL was not found on the server. If you entered the URL manually please check your spelling and try again. [in D:\Visual Studio Code\Flask\8.Flask BluePrints\app\utils\exception_handler.py:48]
2025-11-18 00:06:58,448 INFO: Response: 404 for GET http://localhost:5000/ [Duration: 0.0029s] [in D:\Visual Studio Code\Flask\8.Flask BluePrints\app\utils\logger.py:47]
2025-11-18 00:06:58,856 INFO: Request: GET http://localhost:5000/favicon.ico from 127.0.0.1 [in D:\Visual Studio Code\Flask\8.Flask BluePrints\app\utils\logger.py:42]
2025-11-18 00:06:58,859 ERROR: 404 Error: 404 Not Found: The requested URL was not found on the server. If you entered the URL manually please check your spelling and try again. [in D:\Visual Studio Code\Flask\8.Flask BluePrints\app\utils\exception_handler.py:48]
2025-11-18 00:06:58,861 INFO: Response: 404 for GET http://localhost:5000/favicon.ico [Duration: 0.0040s] [in D:\Visual Studio Code\Flask\8.Flask BluePrints\app\utils\logger.py:47]
2025-11-18 00:08:00,266 INFO: Request: GET http://localhost:5000/ from 127.0.0.1 [in D:\Visual Studio Code\Flask\8.Flask BluePrints\app\utils\logger.py:42]
2025-11-18 00:08:00,267 ERROR: 404 Error: 404 Not Found: The requested URL was not found on the server. If you entered the URL manually please check your spelling and try again. [in D:\Visual Studio Code\Flask\8.Flask BluePrints\app\utils\exception_handler.py:48]
2025-11-18 00:08:00,269 INFO: Response: 404 for GET http://localhost:5000/ [Duration: 0.0030s] [in D:\Visual Studio Code\Flask\8.Flask BluePrints\app\utils\logger.py:47]
2025-11-18 00:08:00,943 INFO: Request: GET http://localhost:5000/ from 127.0.0.1 [in D:\Visual Studio Code\Flask\8.Flask BluePrints\app\utils\logger.py:42]
2025-11-18 00:08:00,948 ERROR: 404 Error: 404 Not Found: The requested URL was not found on the server. If you entered the URL manually please check your spelling and try again. [in D:\Visual Studio Code\Flask\8.Flask BluePrints\app\utils\exception_handler.py:48]
2025-11-18 00:08:00,949 INFO: Response: 404 for GET http://localhost:5000/ [Duration: 0.0060s] [in D:\Visual Studio Code\Flask\8.Flask BluePrints\app\utils\logger.py:47]
2025-11-18 00:08:01,250 INFO: Request: GET http://localhost:5000/ from 127.0.0.1 [in D:\Visual Studio Code\Flask\8.Flask BluePrints\app\utils\logger.py:42]
2025-11-18 00:08:01,260 ERROR: 404 Error: 404 Not Found: The requested URL was not found on the server. If you entered the URL manually please check your spelling and try again. [in D:\Visual Studio Code\Flask\8.Flask BluePrints\app\utils\exception_handler.py:48]
2025-11-18 00:08:01,262 INFO: Response: 404 for GET http://localhost:5000/ [Duration: 0.0117s] [in D:\Visual Studio Code\Flask\8.Flask BluePrints\app\utils\logger.py:47]
2025-11-18 00:08:01,883 INFO: Request: GET http://localhost:5000/ from 127.0.0.1 [in D:\Visual Studio Code\Flask\8.Flask BluePrints\app\utils\logger.py:42]
2025-11-18 00:08:01,883 ERROR: 404 Error: 404 Not Found: The requested URL was not found on the server. If you entered the URL manually please check your spelling and try again. [in D:\Visual Studio Code\Flask\8.Flask BluePrints\app\utils\exception_handler.py:48]
2025-11-18 00:08:01,885 INFO: Response: 404 for GET http://localhost:5000/ [Duration: 0.0014s] [in D:\Visual Studio Code\Flask\8.Flask BluePrints\app\utils\logger.py:47]
2025-11-18 00:09:05,129 INFO: Application startup [in D:\Visual Studio Code\Flask\8.Flask BluePrints\app\utils\logger.py:35]
2025-11-18 00:09:05,135 INFO: Flask application initialized [in D:\Visual Studio Code\Flask\8.Flask BluePrints\app\__init__.py:42]
2025-11-18 00:09:12,047 INFO: Application startup [in D:\Visual Studio Code\Flask\8.Flask BluePrints\app\utils\logger.py:35]
2025-11-18 00:09:12,052 INFO: Flask application initialized [in D:\Visual Studio Code\Flask\8.Flask BluePrints\app\__init__.py:42]
2025-11-18 00:09:27,237 INFO: Request: GET http://localhost:5000/ from 127.0.0.1 [in D:\Visual Studio Code\Flask\8.Flask BluePrints\app\utils\logger.py:42]
2025-11-18 00:09:27,273 ERROR: Unexpected error: 'current_user' is undefined [in D:\Visual Studio Code\Flask\8.Flask BluePrints\app\utils\exception_handler.py:66]
Traceback (most recent call last):
  File "D:\Visual Studio Code\Flask\venv\Lib\site-packages\flask\app.py", line 1484, in full_dispatch_request
    rv = self.dispatch_request()
         ^^^^^^^^^^^^^^^^^^^^^^^
  File "D:\Visual Studio Code\Flask\venv\Lib\site-packages\flask\app.py", line 1469, in dispatch_request
    return self.ensure_sync(self.view_functions[rule.endpoint])(**view_args)
           ^^^^^^^^^^^^^^^^^^^^^^^^^^^^^^^^^^^^^^^^^^^^^^^^^^^^^^^^^^^^^^^^^
  File "D:\Visual Studio Code\Flask\8.Flask BluePrints\app\routes\main_routes.py", line 27, in index
    return render_template('index.html')
           ^^^^^^^^^^^^^^^^^^^^^^^^^^^^^
  File "D:\Visual Studio Code\Flask\venv\Lib\site-packages\flask\templating.py", line 151, in render_template
    return _render(app, template, context)
           ^^^^^^^^^^^^^^^^^^^^^^^^^^^^^^^
  File "D:\Visual Studio Code\Flask\venv\Lib\site-packages\flask\templating.py", line 132, in _render
    rv = template.render(context)
         ^^^^^^^^^^^^^^^^^^^^^^^^
  File "D:\Visual Studio Code\Flask\venv\Lib\site-packages\jinja2\environment.py", line 1295, in render
    self.environment.handle_exception()
  File "D:\Visual Studio Code\Flask\venv\Lib\site-packages\jinja2\environment.py", line 942, in handle_exception
    raise rewrite_traceback_stack(source=source)
  File "D:\Visual Studio Code\Flask\8.Flask BluePrints\app\templates\index.html", line 1, in top-level template code
    {% extends "base.html" %}
  File "D:\Visual Studio Code\Flask\8.Flask BluePrints\app\templates\base.html", line 22, in top-level template code
    {% if current_user.is_authenticated %}
    ^^^^^^^^^^^^^^^^^^^^^^^^^
  File "D:\Visual Studio Code\Flask\venv\Lib\site-packages\jinja2\environment.py", line 490, in getattr
    return getattr(obj, attribute)
           ^^^^^^^^^^^^^^^^^^^^^^^
jinja2.exceptions.UndefinedError: 'current_user' is undefined
2025-11-18 00:09:27,288 INFO: Response: 500 for GET http://localhost:5000/ [Duration: 0.0506s] [in D:\Visual Studio Code\Flask\8.Flask BluePrints\app\utils\logger.py:47]
2025-11-18 00:09:55,556 INFO: Application startup [in D:\Visual Studio Code\Flask\8.Flask BluePrints\app\utils\logger.py:35]
2025-11-18 00:09:55,561 INFO: Flask application initialized [in D:\Visual Studio Code\Flask\8.Flask BluePrints\app\__init__.py:42]
2025-11-18 00:10:10,290 INFO: Application startup [in D:\Visual Studio Code\Flask\8.Flask BluePrints\app\utils\logger.py:35]
2025-11-18 00:10:10,300 INFO: Flask application initialized [in D:\Visual Studio Code\Flask\8.Flask BluePrints\app\__init__.py:42]
2025-11-18 00:10:20,171 INFO: Application startup [in D:\Visual Studio Code\Flask\8.Flask BluePrints\app\utils\logger.py:35]
2025-11-18 00:10:20,177 INFO: Flask application initialized [in D:\Visual Studio Code\Flask\8.Flask BluePrints\app\__init__.py:42]
2025-11-18 00:10:26,060 INFO: Application startup [in D:\Visual Studio Code\Flask\8.Flask BluePrints\app\utils\logger.py:35]
2025-11-18 00:10:26,065 INFO: Flask application initialized [in D:\Visual Studio Code\Flask\8.Flask BluePrints\app\__init__.py:42]
2025-11-18 00:10:30,105 INFO: Application startup [in D:\Visual Studio Code\Flask\8.Flask BluePrints\app\utils\logger.py:35]
2025-11-18 00:10:30,113 INFO: Flask application initialized [in D:\Visual Studio Code\Flask\8.Flask BluePrints\app\__init__.py:42]
2025-11-18 00:10:45,619 INFO: Request: GET http://localhost:5000/ from 127.0.0.1 [in D:\Visual Studio Code\Flask\8.Flask BluePrints\app\utils\logger.py:42]
2025-11-18 00:10:45,646 ERROR: Unexpected error: 'current_user' is undefined [in D:\Visual Studio Code\Flask\8.Flask BluePrints\app\utils\exception_handler.py:66]
Traceback (most recent call last):
  File "D:\Visual Studio Code\Flask\venv\Lib\site-packages\flask\app.py", line 1484, in full_dispatch_request
    rv = self.dispatch_request()
         ^^^^^^^^^^^^^^^^^^^^^^^
  File "D:\Visual Studio Code\Flask\venv\Lib\site-packages\flask\app.py", line 1469, in dispatch_request
    return self.ensure_sync(self.view_functions[rule.endpoint])(**view_args)
           ^^^^^^^^^^^^^^^^^^^^^^^^^^^^^^^^^^^^^^^^^^^^^^^^^^^^^^^^^^^^^^^^^
  File "D:\Visual Studio Code\Flask\8.Flask BluePrints\app\routes\main_routes.py", line 28, in index
    return render_template('index.html')
           ^^^^^^^^^^^^^^^^^^^^^^^^^^^^^
  File "D:\Visual Studio Code\Flask\venv\Lib\site-packages\flask\templating.py", line 151, in render_template
    return _render(app, template, context)
           ^^^^^^^^^^^^^^^^^^^^^^^^^^^^^^^
  File "D:\Visual Studio Code\Flask\venv\Lib\site-packages\flask\templating.py", line 132, in _render
    rv = template.render(context)
         ^^^^^^^^^^^^^^^^^^^^^^^^
  File "D:\Visual Studio Code\Flask\venv\Lib\site-packages\jinja2\environment.py", line 1295, in render
    self.environment.handle_exception()
  File "D:\Visual Studio Code\Flask\venv\Lib\site-packages\jinja2\environment.py", line 942, in handle_exception
    raise rewrite_traceback_stack(source=source)
  File "D:\Visual Studio Code\Flask\8.Flask BluePrints\app\templates\index.html", line 1, in top-level template code
    {% extends "base.html" %}
  File "D:\Visual Studio Code\Flask\8.Flask BluePrints\app\templates\base.html", line 22, in top-level template code
    {% if current_user.is_authenticated %}
    ^^^^^^^^^^^^^^^^^^^^^^^^^
  File "D:\Visual Studio Code\Flask\venv\Lib\site-packages\jinja2\environment.py", line 490, in getattr
    return getattr(obj, attribute)
           ^^^^^^^^^^^^^^^^^^^^^^^
jinja2.exceptions.UndefinedError: 'current_user' is undefined
2025-11-18 00:10:45,653 INFO: Response: 500 for GET http://localhost:5000/ [Duration: 0.0337s] [in D:\Visual Studio Code\Flask\8.Flask BluePrints\app\utils\logger.py:47]
2025-11-18 00:12:33,298 INFO: Request: GET http://localhost:5000/ from 127.0.0.1 [in D:\Visual Studio Code\Flask\8.Flask BluePrints\app\utils\logger.py:42]
2025-11-18 00:12:33,327 INFO: Response: 200 for GET http://localhost:5000/ [Duration: 0.0287s] [in D:\Visual Studio Code\Flask\8.Flask BluePrints\app\utils\logger.py:47]
2025-11-18 00:12:33,501 INFO: Request: GET http://localhost:5000/static/css/styles.css from 127.0.0.1 [in D:\Visual Studio Code\Flask\8.Flask BluePrints\app\utils\logger.py:42]
2025-11-18 00:12:33,533 INFO: Request: GET http://localhost:5000/static/js/app.js from 127.0.0.1 [in D:\Visual Studio Code\Flask\8.Flask BluePrints\app\utils\logger.py:42]
2025-11-18 00:12:33,780 INFO: Response: 200 for GET http://localhost:5000/static/css/styles.css [Duration: 0.2789s] [in D:\Visual Studio Code\Flask\8.Flask BluePrints\app\utils\logger.py:47]
2025-11-18 00:12:33,798 INFO: Response: 200 for GET http://localhost:5000/static/js/app.js [Duration: 0.2649s] [in D:\Visual Studio Code\Flask\8.Flask BluePrints\app\utils\logger.py:47]
2025-11-18 00:12:41,600 INFO: Request: GET http://localhost:5000/ from 127.0.0.1 [in D:\Visual Studio Code\Flask\8.Flask BluePrints\app\utils\logger.py:42]
2025-11-18 00:12:41,730 INFO: Response: 200 for GET http://localhost:5000/ [Duration: 0.1304s] [in D:\Visual Studio Code\Flask\8.Flask BluePrints\app\utils\logger.py:47]
2025-11-18 00:12:42,413 INFO: Request: GET http://localhost:5000/static/js/app.js from 127.0.0.1 [in D:\Visual Studio Code\Flask\8.Flask BluePrints\app\utils\logger.py:42]
2025-11-18 00:12:42,416 INFO: Request: GET http://localhost:5000/static/css/styles.css from 127.0.0.1 [in D:\Visual Studio Code\Flask\8.Flask BluePrints\app\utils\logger.py:42]
2025-11-18 00:12:42,434 INFO: Response: 304 for GET http://localhost:5000/static/js/app.js [Duration: 0.0151s] [in D:\Visual Studio Code\Flask\8.Flask BluePrints\app\utils\logger.py:47]
2025-11-18 00:12:42,436 INFO: Response: 304 for GET http://localhost:5000/static/css/styles.css [Duration: 0.0207s] [in D:\Visual Studio Code\Flask\8.Flask BluePrints\app\utils\logger.py:47]
2025-11-18 00:12:59,666 INFO: Request: GET http://localhost:5000/register from 127.0.0.1 [in D:\Visual Studio Code\Flask\8.Flask BluePrints\app\utils\logger.py:42]
2025-11-18 00:12:59,735 INFO: Response: 200 for GET http://localhost:5000/register [Duration: 0.0690s] [in D:\Visual Studio Code\Flask\8.Flask BluePrints\app\utils\logger.py:47]
2025-11-18 00:12:59,802 INFO: Request: GET http://localhost:5000/static/css/styles.css from 127.0.0.1 [in D:\Visual Studio Code\Flask\8.Flask BluePrints\app\utils\logger.py:42]
2025-11-18 00:12:59,809 INFO: Response: 304 for GET http://localhost:5000/static/css/styles.css [Duration: 0.0068s] [in D:\Visual Studio Code\Flask\8.Flask BluePrints\app\utils\logger.py:47]
2025-11-18 00:12:59,933 INFO: Request: GET http://localhost:5000/static/js/app.js from 127.0.0.1 [in D:\Visual Studio Code\Flask\8.Flask BluePrints\app\utils\logger.py:42]
2025-11-18 00:12:59,937 INFO: Response: 304 for GET http://localhost:5000/static/js/app.js [Duration: 0.0035s] [in D:\Visual Studio Code\Flask\8.Flask BluePrints\app\utils\logger.py:47]
2025-11-18 00:13:15,188 INFO: Request: POST http://localhost:5000/api/auth/register from 127.0.0.1 [in D:\Visual Studio Code\Flask\8.Flask BluePrints\app\utils\logger.py:42]
2025-11-18 00:13:16,151 INFO: Response: 201 for POST http://localhost:5000/api/auth/register [Duration: 0.9627s] [in D:\Visual Studio Code\Flask\8.Flask BluePrints\app\utils\logger.py:47]
2025-11-18 00:13:18,494 INFO: Request: GET http://localhost:5000/login from 127.0.0.1 [in D:\Visual Studio Code\Flask\8.Flask BluePrints\app\utils\logger.py:42]
2025-11-18 00:13:18,504 INFO: Response: 200 for GET http://localhost:5000/login [Duration: 0.0116s] [in D:\Visual Studio Code\Flask\8.Flask BluePrints\app\utils\logger.py:47]
2025-11-18 00:13:18,795 INFO: Request: GET http://localhost:5000/static/css/styles.css from 127.0.0.1 [in D:\Visual Studio Code\Flask\8.Flask BluePrints\app\utils\logger.py:42]
2025-11-18 00:13:18,797 INFO: Response: 304 for GET http://localhost:5000/static/css/styles.css [Duration: 0.0020s] [in D:\Visual Studio Code\Flask\8.Flask BluePrints\app\utils\logger.py:47]
2025-11-18 00:13:18,891 INFO: Request: GET http://localhost:5000/static/js/app.js from 127.0.0.1 [in D:\Visual Studio Code\Flask\8.Flask BluePrints\app\utils\logger.py:42]
2025-11-18 00:13:18,894 INFO: Response: 304 for GET http://localhost:5000/static/js/app.js [Duration: 0.0030s] [in D:\Visual Studio Code\Flask\8.Flask BluePrints\app\utils\logger.py:47]
2025-11-18 00:13:24,234 INFO: Request: POST http://localhost:5000/api/auth/login from 127.0.0.1 [in D:\Visual Studio Code\Flask\8.Flask BluePrints\app\utils\logger.py:42]
2025-11-18 00:13:25,004 INFO: Response: 200 for POST http://localhost:5000/api/auth/login [Duration: 0.7704s] [in D:\Visual Studio Code\Flask\8.Flask BluePrints\app\utils\logger.py:47]
2025-11-18 00:13:25,025 INFO: Request: GET http://localhost:5000/dashboard from 127.0.0.1 [in D:\Visual Studio Code\Flask\8.Flask BluePrints\app\utils\logger.py:42]
2025-11-18 00:13:25,036 INFO: Response: 200 for GET http://localhost:5000/dashboard [Duration: 0.0101s] [in D:\Visual Studio Code\Flask\8.Flask BluePrints\app\utils\logger.py:47]
2025-11-18 00:13:25,340 INFO: Request: GET http://localhost:5000/static/css/styles.css from 127.0.0.1 [in D:\Visual Studio Code\Flask\8.Flask BluePrints\app\utils\logger.py:42]
2025-11-18 00:13:25,346 INFO: Response: 304 for GET http://localhost:5000/static/css/styles.css [Duration: 0.0058s] [in D:\Visual Studio Code\Flask\8.Flask BluePrints\app\utils\logger.py:47]
2025-11-18 00:13:25,428 INFO: Request: GET http://localhost:5000/static/js/app.js from 127.0.0.1 [in D:\Visual Studio Code\Flask\8.Flask BluePrints\app\utils\logger.py:42]
2025-11-18 00:13:25,431 INFO: Response: 304 for GET http://localhost:5000/static/js/app.js [Duration: 0.0039s] [in D:\Visual Studio Code\Flask\8.Flask BluePrints\app\utils\logger.py:47]
2025-11-18 00:13:29,589 INFO: Request: GET http://localhost:5000/dashboard from 127.0.0.1 [in D:\Visual Studio Code\Flask\8.Flask BluePrints\app\utils\logger.py:42]
2025-11-18 00:13:29,591 INFO: Response: 200 for GET http://localhost:5000/dashboard [Duration: 0.0020s] [in D:\Visual Studio Code\Flask\8.Flask BluePrints\app\utils\logger.py:47]
2025-11-18 00:13:29,727 INFO: Request: GET http://localhost:5000/static/css/styles.css from 127.0.0.1 [in D:\Visual Studio Code\Flask\8.Flask BluePrints\app\utils\logger.py:42]
2025-11-18 00:13:29,730 INFO: Response: 304 for GET http://localhost:5000/static/css/styles.css [Duration: 0.0018s] [in D:\Visual Studio Code\Flask\8.Flask BluePrints\app\utils\logger.py:47]
2025-11-18 00:13:29,849 INFO: Request: GET http://localhost:5000/static/js/app.js from 127.0.0.1 [in D:\Visual Studio Code\Flask\8.Flask BluePrints\app\utils\logger.py:42]
2025-11-18 00:13:29,858 INFO: Response: 304 for GET http://localhost:5000/static/js/app.js [Duration: 0.0087s] [in D:\Visual Studio Code\Flask\8.Flask BluePrints\app\utils\logger.py:47]
2025-11-18 00:14:01,042 INFO: Request: GET http://localhost:5000/login from 127.0.0.1 [in D:\Visual Studio Code\Flask\8.Flask BluePrints\app\utils\logger.py:42]
2025-11-18 00:14:01,047 INFO: Response: 200 for GET http://localhost:5000/login [Duration: 0.0050s] [in D:\Visual Studio Code\Flask\8.Flask BluePrints\app\utils\logger.py:47]
2025-11-18 00:14:01,196 INFO: Request: GET http://localhost:5000/static/css/styles.css from 127.0.0.1 [in D:\Visual Studio Code\Flask\8.Flask BluePrints\app\utils\logger.py:42]
2025-11-18 00:14:01,199 INFO: Response: 304 for GET http://localhost:5000/static/css/styles.css [Duration: 0.0029s] [in D:\Visual Studio Code\Flask\8.Flask BluePrints\app\utils\logger.py:47]
2025-11-18 00:14:01,302 INFO: Request: GET http://localhost:5000/static/js/app.js from 127.0.0.1 [in D:\Visual Studio Code\Flask\8.Flask BluePrints\app\utils\logger.py:42]
2025-11-18 00:14:01,310 INFO: Response: 304 for GET http://localhost:5000/static/js/app.js [Duration: 0.0080s] [in D:\Visual Studio Code\Flask\8.Flask BluePrints\app\utils\logger.py:47]
2025-11-18 00:14:27,935 INFO: Application startup [in D:\Visual Studio Code\Flask\8.Flask BluePrints\app\utils\logger.py:35]
2025-11-18 00:14:27,941 INFO: Flask application initialized [in D:\Visual Studio Code\Flask\8.Flask BluePrints\app\__init__.py:42]
2025-11-18 00:14:39,791 INFO: Application startup [in D:\Visual Studio Code\Flask\8.Flask BluePrints\app\utils\logger.py:35]
2025-11-18 00:14:39,798 INFO: Flask application initialized [in D:\Visual Studio Code\Flask\8.Flask BluePrints\app\__init__.py:42]
2025-11-18 00:14:55,413 INFO: Application startup [in D:\Visual Studio Code\Flask\8.Flask BluePrints\app\utils\logger.py:35]
2025-11-18 00:14:55,418 INFO: Flask application initialized [in D:\Visual Studio Code\Flask\8.Flask BluePrints\app\__init__.py:42]
2025-11-18 00:15:04,983 INFO: Application startup [in D:\Visual Studio Code\Flask\8.Flask BluePrints\app\utils\logger.py:35]
2025-11-18 00:15:04,993 INFO: Flask application initialized [in D:\Visual Studio Code\Flask\8.Flask BluePrints\app\__init__.py:42]
2025-11-18 00:15:08,490 INFO: Request: POST http://localhost:5000/api/auth/login from 127.0.0.1 [in D:\Visual Studio Code\Flask\8.Flask BluePrints\app\utils\logger.py:42]
2025-11-18 00:15:09,228 INFO: Response: 200 for POST http://localhost:5000/api/auth/login [Duration: 0.7372s] [in D:\Visual Studio Code\Flask\8.Flask BluePrints\app\utils\logger.py:47]
2025-11-18 00:15:09,282 INFO: Request: GET http://localhost:5000/dashboard from 127.0.0.1 [in D:\Visual Studio Code\Flask\8.Flask BluePrints\app\utils\logger.py:42]
2025-11-18 00:15:09,315 INFO: Response: 200 for GET http://localhost:5000/dashboard [Duration: 0.0335s] [in D:\Visual Studio Code\Flask\8.Flask BluePrints\app\utils\logger.py:47]
2025-11-18 00:15:09,580 INFO: Request: GET http://localhost:5000/static/css/styles.css from 127.0.0.1 [in D:\Visual Studio Code\Flask\8.Flask BluePrints\app\utils\logger.py:42]
2025-11-18 00:15:09,811 INFO: Request: GET http://localhost:5000/static/js/app.js from 127.0.0.1 [in D:\Visual Studio Code\Flask\8.Flask BluePrints\app\utils\logger.py:42]
2025-11-18 00:15:09,944 INFO: Response: 304 for GET http://localhost:5000/static/css/styles.css [Duration: 0.3646s] [in D:\Visual Studio Code\Flask\8.Flask BluePrints\app\utils\logger.py:47]
2025-11-18 00:15:09,962 INFO: Response: 304 for GET http://localhost:5000/static/js/app.js [Duration: 0.1509s] [in D:\Visual Studio Code\Flask\8.Flask BluePrints\app\utils\logger.py:47]
2025-11-18 00:15:55,751 INFO: Application startup [in D:\Visual Studio Code\Flask\8.Flask BluePrints\app\utils\logger.py:35]
2025-11-18 00:15:55,761 INFO: Flask application initialized [in D:\Visual Studio Code\Flask\8.Flask BluePrints\app\__init__.py:42]
2025-11-18 00:16:00,782 INFO: Application startup [in D:\Visual Studio Code\Flask\8.Flask BluePrints\app\utils\logger.py:35]
2025-11-18 00:16:00,797 INFO: Flask application initialized [in D:\Visual Studio Code\Flask\8.Flask BluePrints\app\__init__.py:42]
2025-11-18 00:16:18,897 INFO: Application startup [in D:\Visual Studio Code\Flask\8.Flask BluePrints\app\utils\logger.py:35]
2025-11-18 00:16:18,905 INFO: Flask application initialized [in D:\Visual Studio Code\Flask\8.Flask BluePrints\app\__init__.py:42]
2025-11-18 00:16:33,669 INFO: Application startup [in D:\Visual Studio Code\Flask\8.Flask BluePrints\app\utils\logger.py:35]
2025-11-18 00:16:33,677 INFO: Flask application initialized [in D:\Visual Studio Code\Flask\8.Flask BluePrints\app\__init__.py:44]
2025-11-18 00:16:35,510 INFO: Application startup [in D:\Visual Studio Code\Flask\8.Flask BluePrints\app\utils\logger.py:35]
2025-11-18 00:16:35,514 INFO: Flask application initialized [in D:\Visual Studio Code\Flask\8.Flask BluePrints\app\__init__.py:44]
2025-11-18 00:16:49,154 INFO: Application startup [in D:\Visual Studio Code\Flask\8.Flask BluePrints\app\utils\logger.py:35]
2025-11-18 00:16:49,162 INFO: Flask application initialized [in D:\Visual Studio Code\Flask\8.Flask BluePrints\app\__init__.py:44]
2025-11-18 00:16:52,844 INFO: Application startup [in D:\Visual Studio Code\Flask\8.Flask BluePrints\app\utils\logger.py:35]
2025-11-18 00:16:52,850 INFO: Flask application initialized [in D:\Visual Studio Code\Flask\8.Flask BluePrints\app\__init__.py:44]
2025-11-18 00:17:30,289 INFO: Application startup [in D:\Visual Studio Code\Flask\8.Flask BluePrints\app\utils\logger.py:35]
2025-11-18 00:17:30,294 INFO: Flask application initialized [in D:\Visual Studio Code\Flask\8.Flask BluePrints\app\__init__.py:44]
2025-11-18 00:18:21,552 INFO: Application startup [in D:\Visual Studio Code\Flask\8.Flask BluePrints\app\utils\logger.py:35]
2025-11-18 00:18:21,558 INFO: Flask application initialized [in D:\Visual Studio Code\Flask\8.Flask BluePrints\app\__init__.py:44]
2025-11-18 00:18:30,388 INFO: Application startup [in D:\Visual Studio Code\Flask\8.Flask BluePrints\app\utils\logger.py:35]
2025-11-18 00:18:30,393 INFO: Flask application initialized [in D:\Visual Studio Code\Flask\8.Flask BluePrints\app\__init__.py:44]
2025-11-18 00:18:33,059 INFO: Application startup [in D:\Visual Studio Code\Flask\8.Flask BluePrints\app\utils\logger.py:35]
2025-11-18 00:18:33,065 INFO: Flask application initialized [in D:\Visual Studio Code\Flask\8.Flask BluePrints\app\__init__.py:44]
2025-11-18 00:18:36,897 INFO: Application startup [in D:\Visual Studio Code\Flask\8.Flask BluePrints\app\utils\logger.py:35]
2025-11-18 00:18:36,905 INFO: Flask application initialized [in D:\Visual Studio Code\Flask\8.Flask BluePrints\app\__init__.py:44]
2025-11-18 00:19:21,872 INFO: Application startup [in D:\Visual Studio Code\Flask\8.Flask BluePrints\app\utils\logger.py:35]
2025-11-18 00:19:21,880 INFO: Flask application initialized [in D:\Visual Studio Code\Flask\8.Flask BluePrints\app\__init__.py:44]
2025-11-18 00:19:22,935 INFO: Application startup [in D:\Visual Studio Code\Flask\8.Flask BluePrints\app\utils\logger.py:35]
2025-11-18 00:19:22,939 INFO: Flask application initialized [in D:\Visual Studio Code\Flask\8.Flask BluePrints\app\__init__.py:44]
2025-11-18 00:19:26,407 INFO: Request: GET http://localhost:5000/dashboard from 127.0.0.1 [in D:\Visual Studio Code\Flask\8.Flask BluePrints\app\utils\logger.py:42]
2025-11-18 00:19:26,411 INFO: Response: 302 for GET http://localhost:5000/dashboard [Duration: 0.0041s] [in D:\Visual Studio Code\Flask\8.Flask BluePrints\app\utils\logger.py:47]
2025-11-18 00:19:26,427 INFO: Request: GET http://localhost:5000/login from 127.0.0.1 [in D:\Visual Studio Code\Flask\8.Flask BluePrints\app\utils\logger.py:42]
2025-11-18 00:19:26,458 INFO: Response: 200 for GET http://localhost:5000/login [Duration: 0.0310s] [in D:\Visual Studio Code\Flask\8.Flask BluePrints\app\utils\logger.py:47]
2025-11-18 00:19:26,671 INFO: Request: GET http://localhost:5000/static/css/styles.css from 127.0.0.1 [in D:\Visual Studio Code\Flask\8.Flask BluePrints\app\utils\logger.py:42]
2025-11-18 00:19:26,844 INFO: Request: GET http://localhost:5000/static/js/app.js from 127.0.0.1 [in D:\Visual Studio Code\Flask\8.Flask BluePrints\app\utils\logger.py:42]
2025-11-18 00:19:27,268 INFO: Response: 304 for GET http://localhost:5000/static/css/styles.css [Duration: 0.6008s] [in D:\Visual Studio Code\Flask\8.Flask BluePrints\app\utils\logger.py:47]
2025-11-18 00:19:27,419 INFO: Response: 304 for GET http://localhost:5000/static/js/app.js [Duration: 0.5750s] [in D:\Visual Studio Code\Flask\8.Flask BluePrints\app\utils\logger.py:47]
2025-11-18 00:19:29,673 INFO: Request: GET http://localhost:5000/dashboard from 127.0.0.1 [in D:\Visual Studio Code\Flask\8.Flask BluePrints\app\utils\logger.py:42]
2025-11-18 00:19:29,675 INFO: Response: 302 for GET http://localhost:5000/dashboard [Duration: 0.0026s] [in D:\Visual Studio Code\Flask\8.Flask BluePrints\app\utils\logger.py:47]
2025-11-18 00:19:29,908 INFO: Request: GET http://localhost:5000/login from 127.0.0.1 [in D:\Visual Studio Code\Flask\8.Flask BluePrints\app\utils\logger.py:42]
2025-11-18 00:19:29,921 INFO: Response: 200 for GET http://localhost:5000/login [Duration: 0.0129s] [in D:\Visual Studio Code\Flask\8.Flask BluePrints\app\utils\logger.py:47]
2025-11-18 00:19:30,001 INFO: Request: GET http://localhost:5000/static/css/styles.css from 127.0.0.1 [in D:\Visual Studio Code\Flask\8.Flask BluePrints\app\utils\logger.py:42]
2025-11-18 00:19:30,008 INFO: Response: 304 for GET http://localhost:5000/static/css/styles.css [Duration: 0.0062s] [in D:\Visual Studio Code\Flask\8.Flask BluePrints\app\utils\logger.py:47]
2025-11-18 00:19:30,318 INFO: Request: GET http://localhost:5000/static/js/app.js from 127.0.0.1 [in D:\Visual Studio Code\Flask\8.Flask BluePrints\app\utils\logger.py:42]
2025-11-18 00:19:30,323 INFO: Response: 304 for GET http://localhost:5000/static/js/app.js [Duration: 0.0050s] [in D:\Visual Studio Code\Flask\8.Flask BluePrints\app\utils\logger.py:47]
2025-11-18 00:20:11,355 INFO: Application startup [in D:\Visual Studio Code\Flask\8.Flask BluePrints\app\utils\logger.py:35]
2025-11-18 00:20:11,360 INFO: Flask application initialized [in D:\Visual Studio Code\Flask\8.Flask BluePrints\app\__init__.py:45]
2025-11-18 00:20:20,137 INFO: Application startup [in D:\Visual Studio Code\Flask\8.Flask BluePrints\app\utils\logger.py:35]
2025-11-18 00:20:20,142 INFO: Flask application initialized [in D:\Visual Studio Code\Flask\8.Flask BluePrints\app\__init__.py:44]
2025-11-18 00:20:22,916 INFO: Application startup [in D:\Visual Studio Code\Flask\8.Flask BluePrints\app\utils\logger.py:35]
2025-11-18 00:20:22,923 INFO: Flask application initialized [in D:\Visual Studio Code\Flask\8.Flask BluePrints\app\__init__.py:43]
2025-11-18 00:20:53,904 INFO: Application startup [in D:\Visual Studio Code\Flask\8.Flask BluePrints\app\utils\logger.py:35]
2025-11-18 00:20:53,909 INFO: Flask application initialized [in D:\Visual Studio Code\Flask\8.Flask BluePrints\app\__init__.py:43]
2025-11-18 00:20:57,883 INFO: Application startup [in D:\Visual Studio Code\Flask\8.Flask BluePrints\app\utils\logger.py:35]
2025-11-18 00:20:57,892 INFO: Flask application initialized [in D:\Visual Studio Code\Flask\8.Flask BluePrints\app\__init__.py:43]
2025-11-18 00:21:08,514 INFO: Application startup [in D:\Visual Studio Code\Flask\8.Flask BluePrints\app\utils\logger.py:35]
2025-11-18 00:21:08,520 INFO: Flask application initialized [in D:\Visual Studio Code\Flask\8.Flask BluePrints\app\__init__.py:43]
2025-11-18 00:21:16,611 INFO: Application startup [in D:\Visual Studio Code\Flask\8.Flask BluePrints\app\utils\logger.py:35]
2025-11-18 00:21:16,621 INFO: Flask application initialized [in D:\Visual Studio Code\Flask\8.Flask BluePrints\app\__init__.py:43]
2025-11-18 00:21:22,579 INFO: Application startup [in D:\Visual Studio Code\Flask\8.Flask BluePrints\app\utils\logger.py:35]
2025-11-18 00:21:22,585 INFO: Flask application initialized [in D:\Visual Studio Code\Flask\8.Flask BluePrints\app\__init__.py:43]
2025-11-18 00:21:25,490 INFO: Application startup [in D:\Visual Studio Code\Flask\8.Flask BluePrints\app\utils\logger.py:35]
2025-11-18 00:21:25,497 INFO: Flask application initialized [in D:\Visual Studio Code\Flask\8.Flask BluePrints\app\__init__.py:43]
2025-11-18 00:21:28,206 INFO: Application startup [in D:\Visual Studio Code\Flask\8.Flask BluePrints\app\utils\logger.py:35]
2025-11-18 00:21:28,214 INFO: Flask application initialized [in D:\Visual Studio Code\Flask\8.Flask BluePrints\app\__init__.py:43]
2025-11-18 00:22:10,489 INFO: Application startup [in D:\Visual Studio Code\Flask\8.Flask BluePrints\app\utils\logger.py:35]
2025-11-18 00:22:10,498 INFO: Flask application initialized [in D:\Visual Studio Code\Flask\8.Flask BluePrints\app\__init__.py:43]
2025-11-18 00:22:20,400 INFO: Application startup [in D:\Visual Studio Code\Flask\8.Flask BluePrints\app\utils\logger.py:35]
2025-11-18 00:22:20,405 INFO: Flask application initialized [in D:\Visual Studio Code\Flask\8.Flask BluePrints\app\__init__.py:43]
2025-11-18 00:22:28,333 INFO: Application startup [in D:\Visual Studio Code\Flask\8.Flask BluePrints\app\utils\logger.py:35]
2025-11-18 00:22:28,354 INFO: Flask application initialized [in D:\Visual Studio Code\Flask\8.Flask BluePrints\app\__init__.py:43]
2025-11-18 00:22:35,137 INFO: Application startup [in D:\Visual Studio Code\Flask\8.Flask BluePrints\app\utils\logger.py:35]
2025-11-18 00:22:35,159 INFO: Flask application initialized [in D:\Visual Studio Code\Flask\8.Flask BluePrints\app\__init__.py:43]
2025-11-18 00:24:22,198 INFO: Application startup [in D:\Visual Studio Code\Flask\8.Flask BluePrints\app\utils\logger.py:35]
2025-11-18 00:24:22,206 INFO: Flask application initialized [in D:\Visual Studio Code\Flask\8.Flask BluePrints\app\__init__.py:43]
2025-11-18 00:24:23,121 INFO: Application startup [in D:\Visual Studio Code\Flask\8.Flask BluePrints\app\utils\logger.py:35]
2025-11-18 00:24:23,126 INFO: Flask application initialized [in D:\Visual Studio Code\Flask\8.Flask BluePrints\app\__init__.py:43]
2025-11-18 00:24:30,197 INFO: Application startup [in D:\Visual Studio Code\Flask\8.Flask BluePrints\app\utils\logger.py:35]
2025-11-18 00:24:30,214 INFO: Flask application initialized [in D:\Visual Studio Code\Flask\8.Flask BluePrints\app\__init__.py:43]
2025-11-18 00:24:36,087 INFO: Application startup [in D:\Visual Studio Code\Flask\8.Flask BluePrints\app\utils\logger.py:35]
2025-11-18 00:24:36,100 INFO: Flask application initialized [in D:\Visual Studio Code\Flask\8.Flask BluePrints\app\__init__.py:43]
2025-11-18 00:24:41,952 INFO: Application startup [in D:\Visual Studio Code\Flask\8.Flask BluePrints\app\utils\logger.py:35]
2025-11-18 00:24:41,957 INFO: Flask application initialized [in D:\Visual Studio Code\Flask\8.Flask BluePrints\app\__init__.py:43]
2025-11-18 00:24:46,899 INFO: Application startup [in D:\Visual Studio Code\Flask\8.Flask BluePrints\app\utils\logger.py:35]
2025-11-18 00:24:46,904 INFO: Flask application initialized [in D:\Visual Studio Code\Flask\8.Flask BluePrints\app\__init__.py:43]
2025-11-18 00:24:52,734 INFO: Application startup [in D:\Visual Studio Code\Flask\8.Flask BluePrints\app\utils\logger.py:35]
2025-11-18 00:24:52,740 INFO: Flask application initialized [in D:\Visual Studio Code\Flask\8.Flask BluePrints\app\__init__.py:43]
2025-11-18 00:24:57,370 INFO: Request: GET http://localhost:5000/dashboard from 127.0.0.1 [in D:\Visual Studio Code\Flask\8.Flask BluePrints\app\utils\logger.py:42]
2025-11-18 00:24:57,379 INFO: Response: 200 for GET http://localhost:5000/dashboard [Duration: 0.0096s] [in D:\Visual Studio Code\Flask\8.Flask BluePrints\app\utils\logger.py:47]
2025-11-18 00:24:57,615 INFO: Request: POST http://localhost:5000/set-session-token from 127.0.0.1 [in D:\Visual Studio Code\Flask\8.Flask BluePrints\app\utils\logger.py:42]
2025-11-18 00:24:57,635 INFO: Response: 200 for POST http://localhost:5000/set-session-token [Duration: 0.0195s] [in D:\Visual Studio Code\Flask\8.Flask BluePrints\app\utils\logger.py:47]
2025-11-18 00:24:57,687 INFO: Request: GET http://localhost:5000/dashboard/protected from 127.0.0.1 [in D:\Visual Studio Code\Flask\8.Flask BluePrints\app\utils\logger.py:42]
2025-11-18 00:24:57,725 INFO: Response: 200 for GET http://localhost:5000/dashboard/protected [Duration: 0.0386s] [in D:\Visual Studio Code\Flask\8.Flask BluePrints\app\utils\logger.py:47]
2025-11-18 00:24:58,102 INFO: Request: GET http://localhost:5000/static/css/styles.css from 127.0.0.1 [in D:\Visual Studio Code\Flask\8.Flask BluePrints\app\utils\logger.py:42]
2025-11-18 00:24:58,103 INFO: Request: GET http://localhost:5000/static/js/app.js from 127.0.0.1 [in D:\Visual Studio Code\Flask\8.Flask BluePrints\app\utils\logger.py:42]
2025-11-18 00:24:58,253 INFO: Response: 304 for GET http://localhost:5000/static/css/styles.css [Duration: 0.1508s] [in D:\Visual Studio Code\Flask\8.Flask BluePrints\app\utils\logger.py:47]
2025-11-18 00:24:58,254 INFO: Response: 304 for GET http://localhost:5000/static/js/app.js [Duration: 0.1517s] [in D:\Visual Studio Code\Flask\8.Flask BluePrints\app\utils\logger.py:47]
2025-11-18 00:25:00,396 INFO: Request: GET http://localhost:5000/logout from 127.0.0.1 [in D:\Visual Studio Code\Flask\8.Flask BluePrints\app\utils\logger.py:42]
2025-11-18 00:25:00,510 INFO: Response: 302 for GET http://localhost:5000/logout [Duration: 0.1138s] [in D:\Visual Studio Code\Flask\8.Flask BluePrints\app\utils\logger.py:47]
2025-11-18 00:25:00,714 INFO: Request: GET http://localhost:5000/login from 127.0.0.1 [in D:\Visual Studio Code\Flask\8.Flask BluePrints\app\utils\logger.py:42]
2025-11-18 00:25:00,743 INFO: Response: 200 for GET http://localhost:5000/login [Duration: 0.0299s] [in D:\Visual Studio Code\Flask\8.Flask BluePrints\app\utils\logger.py:47]
2025-11-18 00:25:01,132 INFO: Request: GET http://localhost:5000/static/css/styles.css from 127.0.0.1 [in D:\Visual Studio Code\Flask\8.Flask BluePrints\app\utils\logger.py:42]
2025-11-18 00:25:01,135 INFO: Response: 304 for GET http://localhost:5000/static/css/styles.css [Duration: 0.0040s] [in D:\Visual Studio Code\Flask\8.Flask BluePrints\app\utils\logger.py:47]
2025-11-18 00:25:01,138 INFO: Request: GET http://localhost:5000/static/js/app.js from 127.0.0.1 [in D:\Visual Studio Code\Flask\8.Flask BluePrints\app\utils\logger.py:42]
2025-11-18 00:25:01,148 INFO: Response: 304 for GET http://localhost:5000/static/js/app.js [Duration: 0.0101s] [in D:\Visual Studio Code\Flask\8.Flask BluePrints\app\utils\logger.py:47]
2025-11-18 00:25:03,013 INFO: Request: GET http://localhost:5000/ from 127.0.0.1 [in D:\Visual Studio Code\Flask\8.Flask BluePrints\app\utils\logger.py:42]
2025-11-18 00:25:03,020 INFO: Response: 200 for GET http://localhost:5000/ [Duration: 0.0060s] [in D:\Visual Studio Code\Flask\8.Flask BluePrints\app\utils\logger.py:47]
2025-11-18 00:25:03,316 INFO: Request: GET http://localhost:5000/static/css/styles.css from 127.0.0.1 [in D:\Visual Studio Code\Flask\8.Flask BluePrints\app\utils\logger.py:42]
2025-11-18 00:25:03,318 INFO: Response: 304 for GET http://localhost:5000/static/css/styles.css [Duration: 0.0020s] [in D:\Visual Studio Code\Flask\8.Flask BluePrints\app\utils\logger.py:47]
2025-11-18 00:25:03,390 INFO: Request: GET http://localhost:5000/static/js/app.js from 127.0.0.1 [in D:\Visual Studio Code\Flask\8.Flask BluePrints\app\utils\logger.py:42]
2025-11-18 00:25:03,393 INFO: Response: 304 for GET http://localhost:5000/static/js/app.js [Duration: 0.0030s] [in D:\Visual Studio Code\Flask\8.Flask BluePrints\app\utils\logger.py:47]
2025-11-18 00:25:14,312 INFO: Application startup [in D:\Visual Studio Code\Flask\8.Flask BluePrints\app\utils\logger.py:35]
2025-11-18 00:25:14,327 INFO: Flask application initialized [in D:\Visual Studio Code\Flask\8.Flask BluePrints\app\__init__.py:43]
2025-11-18 00:25:20,246 INFO: Application startup [in D:\Visual Studio Code\Flask\8.Flask BluePrints\app\utils\logger.py:35]
2025-11-18 00:25:20,252 INFO: Flask application initialized [in D:\Visual Studio Code\Flask\8.Flask BluePrints\app\__init__.py:43]
2025-11-18 00:25:25,176 INFO: Application startup [in D:\Visual Studio Code\Flask\8.Flask BluePrints\app\utils\logger.py:35]
2025-11-18 00:25:25,183 INFO: Flask application initialized [in D:\Visual Studio Code\Flask\8.Flask BluePrints\app\__init__.py:43]
2025-11-18 00:25:29,922 INFO: Application startup [in D:\Visual Studio Code\Flask\8.Flask BluePrints\app\utils\logger.py:35]
2025-11-18 00:25:29,930 INFO: Flask application initialized [in D:\Visual Studio Code\Flask\8.Flask BluePrints\app\__init__.py:43]
2025-11-18 00:25:38,115 INFO: Application startup [in D:\Visual Studio Code\Flask\8.Flask BluePrints\app\utils\logger.py:35]
2025-11-18 00:25:38,123 INFO: Flask application initialized [in D:\Visual Studio Code\Flask\8.Flask BluePrints\app\__init__.py:43]
2025-11-18 00:25:48,034 INFO: Application startup [in D:\Visual Studio Code\Flask\8.Flask BluePrints\app\utils\logger.py:35]
2025-11-18 00:25:48,042 INFO: Flask application initialized [in D:\Visual Studio Code\Flask\8.Flask BluePrints\app\__init__.py:43]
2025-11-18 00:26:32,516 INFO: Application startup [in D:\Visual Studio Code\Flask\8.Flask BluePrints\app\utils\logger.py:35]
2025-11-18 00:26:32,521 INFO: Flask application initialized [in D:\Visual Studio Code\Flask\8.Flask BluePrints\app\__init__.py:41]
2025-11-18 00:26:36,271 INFO: Application startup [in D:\Visual Studio Code\Flask\8.Flask BluePrints\app\utils\logger.py:35]
2025-11-18 00:26:36,277 INFO: Flask application initialized [in D:\Visual Studio Code\Flask\8.Flask BluePrints\app\__init__.py:39]
2025-11-18 00:26:40,980 INFO: Application startup [in D:\Visual Studio Code\Flask\8.Flask BluePrints\app\utils\logger.py:35]
2025-11-18 00:26:40,987 INFO: Flask application initialized [in D:\Visual Studio Code\Flask\8.Flask BluePrints\app\__init__.py:37]
2025-11-18 00:26:45,774 INFO: Application startup [in D:\Visual Studio Code\Flask\8.Flask BluePrints\app\utils\logger.py:35]
2025-11-18 00:26:45,781 INFO: Flask application initialized [in D:\Visual Studio Code\Flask\8.Flask BluePrints\app\__init__.py:36]
2025-11-18 00:26:51,424 INFO: Application startup [in D:\Visual Studio Code\Flask\8.Flask BluePrints\app\utils\logger.py:35]
2025-11-18 00:26:51,428 INFO: Flask application initialized [in D:\Visual Studio Code\Flask\8.Flask BluePrints\app\__init__.py:33]
2025-11-18 00:26:56,494 INFO: Application startup [in D:\Visual Studio Code\Flask\8.Flask BluePrints\app\utils\logger.py:35]
2025-11-18 00:26:56,499 INFO: Flask application initialized [in D:\Visual Studio Code\Flask\8.Flask BluePrints\app\__init__.py:31]
2025-11-18 00:26:59,363 INFO: Application startup [in D:\Visual Studio Code\Flask\8.Flask BluePrints\app\utils\logger.py:35]
2025-11-18 00:26:59,369 INFO: Flask application initialized [in D:\Visual Studio Code\Flask\8.Flask BluePrints\app\__init__.py:29]
2025-11-18 00:27:10,977 INFO: Application startup [in D:\Visual Studio Code\Flask\8.Flask BluePrints\app\utils\logger.py:35]
2025-11-18 00:27:10,984 INFO: Flask application initialized [in D:\Visual Studio Code\Flask\8.Flask BluePrints\app\__init__.py:29]
2025-11-18 00:27:13,614 INFO: Application startup [in D:\Visual Studio Code\Flask\8.Flask BluePrints\app\utils\logger.py:35]
2025-11-18 00:27:13,620 INFO: Flask application initialized [in D:\Visual Studio Code\Flask\8.Flask BluePrints\app\__init__.py:29]
